#
# A fatal error has been detected by the Java Runtime Environment:
#
#  SIGSEGV (0xb) at pc=0x000000012efd9381, pid=2822, tid=1299
#
# JRE version: Java(TM) SE Runtime Environment (8.0_25-b17) (build 1.8.0_25-b17)
# Java VM: Java HotSpot(TM) 64-Bit Server VM (25.25-b02 mixed mode bsd-amd64 compressed oops)
# Problematic frame:
# C  [libglass.dylib+0x16381]  GlassScreenDidChangeScreenParameters+0x21
#
# Failed to write core dump. Core dumps have been disabled. To enable core dumping, try "ulimit -c unlimited" before starting Java again
#
# If you would like to submit a bug report, please visit:
#   http://bugreport.sun.com/bugreport/crash.jsp
#

---------------  T H R E A D  ---------------

Current thread is native thread

siginfo: si_signo: 11 (SIGSEGV), si_code: 1 (SEGV_MAPERR), si_addr: 0x0000000000000000

Registers:
RAX=0x000000012f00bd48, RBX=0x0000000000000000, RCX=0x980058465cfe30d2, RDX=0x00007fff7c1cb1f8
RSP=0x00007fff501d5bf0, RBP=0x00007fff501d5c00, RSI=0x00007f94f0f050e0, RDI=0x0000000000000000
R8 =0x00007fff501d5aa0, R9 =0x00007fff7d4c4300, R10=0x0000000000000000, R11=0x0000000000000246
R12=0x00007f94f0c35600, R13=0x00000000000f426a, R14=0x00007f94f0f7c8c0, R15=0x00007fff501d5d40
RIP=0x000000012efd9381, EFLAGS=0x0000000000010246, ERR=0x0000000000000004
  TRAPNO=0x000000000000000e

Top of Stack: (sp=0x00007fff501d5bf0)
0x00007fff501d5bf0:   00007fff501d5dd0 00007f94f0f7c8c0
0x00007fff501d5c00:   00007fff501d5c10 00007fff94f5c45c
0x00007fff501d5c10:   00007fff501d5f70 00007fff94e4c634
0x00007fff501d5c20:   00007fff501d5c70 0000000000000a00
0x00007fff501d5c30:   00007fff7c75aed0 00007f94f0c152c0
0x00007fff501d5c40:   0000000000001001 0000000000000900
0x00007fff501d5c50:   00007f94f0c152c0 00007f94f0f7c8c0
0x00007fff501d5c60:   0000000000000000 00007fff501d5d40
0x00007fff501d5c70:   0000000000000000 00007f94f0f7c800
0x00007fff501d5c80:   00007fff501d5dc0 0000000000000060
0x00007fff501d5c90:   00000000000f4309 00007f94f0d292f0
0x00007fff501d5ca0:   00007f94f0d2b9f0 00007f94f0c35600
0x00007fff501d5cb0:   0000000000000001 00000000000f426a
0x00007fff501d5cc0:   00007f94f0c355f0 00007fff93fffb90
0x00007fff501d5cd0:   0000000000000001 0000000000000001
0x00007fff501d5ce0:   0000000000000030 0000000000000001
0x00007fff501d5cf0:   00007fff501d5d10 00007fff94000546
0x00007fff501d5d00:   00007fff7c758fb0 0000000000000000
0x00007fff501d5d10:   00007fff501d5d30 0000000000000016
0x00007fff501d5d20:   00012903f29f1000 00007f94f0c35624
0x00007fff501d5d30:   0000000000000000 00007fff94e4210f
0x00007fff501d5d40:   00007f94f0f7c8c0 00007fff7c758fb0
0x00007fff501d5d50:   00007fff501d5dd0 00007fff94e4ac3f
0x00007fff501d5d60:   00007fff501d5dd4 000000000043f201
0x00007fff501d5d70:   000000010fa43a00 0000000000000002
0x00007fff501d5d80:   000000010fa40000 00007f94f0d29cc2
0x00007fff501d5d90:   0000000000000003 000000010fa44400
0x00007fff501d5da0:   00007fff501d5e90 00007fff93ffcb36
0x00007fff501d5db0:   00007f94f0d2b560 00007fff501d5f78
0x00007fff501d5dc0:   0000000000000017 0000000000000000
0x00007fff501d5dd0:   00000000000f426a 00007fff94e42403
0x00007fff501d5de0:   00007fff00000000 00007f94f0c79020 

Instructions: (pc=0x000000012efd9381)
0x000000012efd9361:   48 89 e5 41 56 53 48 8d 05 d2 2a 03 00 48 83 38
0x000000012efd9371:   00 48 89 fb 75 72 48 8d 05 ca 29 03 00 48 8b 30
0x000000012efd9381:   48 8b 03 48 8d 15 7c 99 01 00 48 8d 0d 5e 6f 01
0x000000012efd9391:   00 48 89 df ff 90 88 03 00 00 48 8d 0d 9e 2a 03 

Register to memory mapping:

RAX=0x000000012f00bd48: jScreenClass+0 in /Library/Java/JavaVirtualMachines/jdk1.8.0_25.jdk/Contents/Home/jre/lib/libglass.dylib at 0x000000012efc3000
RBX=0x0000000000000000 is an unknown value
RCX=0x980058465cfe30d2 is an unknown value
RDX=0x00007fff7c1cb1f8: __sFX+0x1c8 in /usr/lib/system/libsystem_c.dylib at 0x00007fff92dfc000
RSP=0x00007fff501d5bf0 is an unknown value
RBP=0x00007fff501d5c00 is an unknown value
RSI=0x00007f94f0f050e0 is a global jni handle
RDI=0x0000000000000000 is an unknown value
R8 =0x00007fff501d5aa0 is an unknown value
R9 =0x00007fff7d4c4300: _thread+0 in /usr/lib/system/libsystem_pthread.dylib at 0x00007fff9a33c000
R10=0x0000000000000000 is an unknown value
R11=0x0000000000000246 is an unknown value
R12=0x00007f94f0c35600 is an unknown value
R13=0x00000000000f426a is an unknown value
R14=0x00007f94f0f7c8c0 is an unknown value
R15=0x00007fff501d5d40 is an unknown value


Stack: [0x00007fff4f9da000,0x00007fff501da000],  sp=0x00007fff501d5bf0,  free space=8174k
Native frames: (J=compiled Java code, j=interpreted, Vv=VM code, C=native code)
C  [libglass.dylib+0x16381]  GlassScreenDidChangeScreenParameters+0x21
C  [CoreFoundation+0x12045c]  __CFNOTIFICATIONCENTER_IS_CALLING_OUT_TO_AN_OBSERVER__+0xc
C  [CoreFoundation+0x10634]  _CFXNotificationPost+0xc44
C  [Foundation+0x7aa1]  -[NSNotificationCenter postNotificationName:object:userInfo:]+0x42
C  [AppKit+0x40de7e]  -[NSApplication _reactToScreenInvalidationImmediately:]+0x17b
C  [AppKit+0x40dcc7]  __44-[NSApplication _reactToScreenInvalidation:]_block_invoke+0x4b
C  [CoreFoundation+0x808ec]  __CFRUNLOOP_IS_CALLING_OUT_TO_A_BLOCK__+0xc
C  [CoreFoundation+0x729f5]  __CFRunLoopDoBlocks+0x155
C  [CoreFoundation+0x72536]  __CFRunLoopRun+0x716
C  [CoreFoundation+0x71bd8]  CFRunLoopRunSpecific+0x128
C  [java+0x56cc]  CreateExecutionEnvironment+0x367
C  [java+0x165c]  JLI_Launch+0x7a0
C  [java+0x768a]  main+0x65
C  [java+0xeb4]  start+0x34


---------------  P R O C E S S  ---------------

VM state:not at safepoint (normal execution)

VM Mutex/Monitor currently owned by a thread: None

Heap:
 PSYoungGen      total 141824K, used 25364K [0x000000076ab00000, 0x0000000774000000, 0x00000007c0000000)
  eden space 131072K, 19% used [0x000000076ab00000,0x000000076c3c5100,0x0000000772b00000)
  from space 10752K, 0% used [0x0000000773580000,0x0000000773580000,0x0000000774000000)
  to   space 10752K, 0% used [0x0000000772b00000,0x0000000772b00000,0x0000000773580000)
 ParOldGen       total 121856K, used 11150K [0x00000006c0000000, 0x00000006c7700000, 0x000000076ab00000)
  object space 121856K, 9% used [0x00000006c0000000,0x00000006c0ae38e0,0x00000006c7700000)
 Metaspace       used 23293K, capacity 24102K, committed 24192K, reserved 1071104K
  class space    used 3216K, capacity 3394K, committed 3456K, reserved 1048576K

Card table byte_map: [0x00000001207df000,0x0000000120fe0000] byte_map_base: 0x000000011d1df000

Marking Bits: (ParMarkBitMap*) 0x0000000110c9d390
 Begin Bits: [0x0000000121942000, 0x0000000125942000)
 End Bits:   [0x0000000125942000, 0x0000000129942000)

Polling page: 0x000000010fb7d000

CodeCache: size=245760Kb used=7536Kb max_used=7548Kb free=238223Kb
 bounds [0x000000011141f000, 0x0000000111b8f000, 0x000000012041f000]
 total_blobs=2813 nmethods=1907 adapters=820
 compilation: enabled

Compilation events (10 events):
Event: 32.843 Thread 0x00007f94f2857000 1905       4       java.lang.Long::hashCode (8 bytes)
Event: 32.843 Thread 0x00007f94f2857000 nmethod 1905 0x0000000111b6fdd0 code [0x0000000111b6ff20, 0x0000000111b6ff98]
Event: 38.535 Thread 0x00007f94f2858000 1906       1       java.util.Arrays$ArrayList::size (6 bytes)
Event: 38.536 Thread 0x00007f94f2858000 nmethod 1906 0x0000000111b6fad0 code [0x0000000111b6fc20, 0x0000000111b6fd30]
Event: 38.537 Thread 0x00007f94f2858000 1907  s!   3       com.sun.javafx.tk.Toolkit::getToolkit (187 bytes)
Event: 38.540 Thread 0x00007f94f2858000 nmethod 1907 0x0000000111b78c90 code [0x0000000111b79060, 0x0000000111b7b2d8]
Event: 38.542 Thread 0x00007f94f2858000 1909       3       java.lang.invoke.MemberName::checkForTypeAlias (180 bytes)
Event: 38.544 Thread 0x00007f94f2858000 nmethod 1909 0x0000000111b7c290 code [0x0000000111b7c680, 0x0000000111b7ecd8]
Event: 38.545 Thread 0x00007f94f2857000 1910       4       jdk.internal.org.objectweb.asm.Type::getArgumentsAndReturnSizes (151 bytes)
Event: 38.552 Thread 0x00007f94f2857000 nmethod 1910 0x0000000111b76a90 code [0x0000000111b76c20, 0x0000000111b77038]

GC Heap History (6 events):
Event: 1.149 GC heap before
{Heap before GC invocations=1 (full 0):
 PSYoungGen      total 76288K, used 65536K [0x000000076ab00000, 0x0000000770000000, 0x00000007c0000000)
  eden space 65536K, 100% used [0x000000076ab00000,0x000000076eb00000,0x000000076eb00000)
  from space 10752K, 0% used [0x000000076f580000,0x000000076f580000,0x0000000770000000)
  to   space 10752K, 0% used [0x000000076eb00000,0x000000076eb00000,0x000000076f580000)
 ParOldGen       total 175104K, used 0K [0x00000006c0000000, 0x00000006cab00000, 0x000000076ab00000)
  object space 175104K, 0% used [0x00000006c0000000,0x00000006c0000000,0x00000006cab00000)
 Metaspace       used 16274K, capacity 16724K, committed 16896K, reserved 1064960K
  class space    used 2098K, capacity 2215K, committed 2304K, reserved 1048576K
Event: 1.162 GC heap after
Heap after GC invocations=1 (full 0):
 PSYoungGen      total 76288K, used 8586K [0x000000076ab00000, 0x0000000774000000, 0x00000007c0000000)
  eden space 65536K, 0% used [0x000000076ab00000,0x000000076ab00000,0x000000076eb00000)
  from space 10752K, 79% used [0x000000076eb00000,0x000000076f3629c0,0x000000076f580000)
  to   space 10752K, 0% used [0x0000000773580000,0x0000000773580000,0x0000000774000000)
 ParOldGen       total 175104K, used 8K [0x00000006c0000000, 0x00000006cab00000, 0x000000076ab00000)
  object space 175104K, 0% used [0x00000006c0000000,0x00000006c0002000,0x00000006cab00000)
 Metaspace       used 16274K, capacity 16724K, committed 16896K, reserved 1064960K
  class space    used 2098K, capacity 2215K, committed 2304K, reserved 1048576K
}
Event: 1.712 GC heap before
{Heap before GC invocations=2 (full 0):
 PSYoungGen      total 76288K, used 45686K [0x000000076ab00000, 0x0000000774000000, 0x00000007c0000000)
  eden space 65536K, 56% used [0x000000076ab00000,0x000000076cf3b1d0,0x000000076eb00000)
  from space 10752K, 79% used [0x000000076eb00000,0x000000076f3629c0,0x000000076f580000)
  to   space 10752K, 0% used [0x0000000773580000,0x0000000773580000,0x0000000774000000)
 ParOldGen       total 175104K, used 8K [0x00000006c0000000, 0x00000006cab00000, 0x000000076ab00000)
  object space 175104K, 0% used [0x00000006c0000000,0x00000006c0002000,0x00000006cab00000)
 Metaspace       used 20689K, capacity 21192K, committed 21296K, reserved 1067008K
  class space    used 2808K, capacity 2941K, committed 2944K, reserved 1048576K
Event: 1.725 GC heap after
Heap after GC invocations=2 (full 0):
 PSYoungGen      total 141824K, used 10727K [0x000000076ab00000, 0x0000000774000000, 0x00000007c0000000)
  eden space 131072K, 0% used [0x000000076ab00000,0x000000076ab00000,0x0000000772b00000)
  from space 10752K, 99% used [0x0000000773580000,0x0000000773ff9ed8,0x0000000774000000)
  to   space 10752K, 0% used [0x0000000772b00000,0x0000000772b00000,0x0000000773580000)
 ParOldGen       total 175104K, used 590K [0x00000006c0000000, 0x00000006cab00000, 0x000000076ab00000)
  object space 175104K, 0% used [0x00000006c0000000,0x00000006c0093960,0x00000006cab00000)
 Metaspace       used 20689K, capacity 21192K, committed 21296K, reserved 1067008K
  class space    used 2808K, capacity 2941K, committed 2944K, reserved 1048576K
}
Event: 1.725 GC heap before
{Heap before GC invocations=3 (full 1):
 PSYoungGen      total 141824K, used 10727K [0x000000076ab00000, 0x0000000774000000, 0x00000007c0000000)
  eden space 131072K, 0% used [0x000000076ab00000,0x000000076ab00000,0x0000000772b00000)
  from space 10752K, 99% used [0x0000000773580000,0x0000000773ff9ed8,0x0000000774000000)
  to   space 10752K, 0% used [0x0000000772b00000,0x0000000772b00000,0x0000000773580000)
 ParOldGen       total 175104K, used 590K [0x00000006c0000000, 0x00000006cab00000, 0x000000076ab00000)
  object space 175104K, 0% used [0x00000006c0000000,0x00000006c0093960,0x00000006cab00000)
 Metaspace       used 20689K, capacity 21192K, committed 21296K, reserved 1067008K
  class space    used 2808K, capacity 2941K, committed 2944K, reserved 1048576K
Event: 1.786 GC heap after
Heap after GC invocations=3 (full 1):
 PSYoungGen      total 141824K, used 0K [0x000000076ab00000, 0x0000000774000000, 0x00000007c0000000)
  eden space 131072K, 0% used [0x000000076ab00000,0x000000076ab00000,0x0000000772b00000)
  from space 10752K, 0% used [0x0000000773580000,0x0000000773580000,0x0000000774000000)
  to   space 10752K, 0% used [0x0000000772b00000,0x0000000772b00000,0x0000000773580000)
 ParOldGen       total 121856K, used 11150K [0x00000006c0000000, 0x00000006c7700000, 0x000000076ab00000)
  object space 121856K, 9% used [0x00000006c0000000,0x00000006c0ae38e0,0x00000006c7700000)
 Metaspace       used 20688K, capacity 21190K, committed 21296K, reserved 1067008K
  class space    used 2807K, capacity 2940K, committed 2944K, reserved 1048576K
}

Deoptimization events (10 events):
Event: 1.078 Thread 0x00007f94f111f000 Uncommon trap: reason=class_check action=maybe_recompile pc=0x000000011155d808 method=java.lang.String.equals(Ljava/lang/Object;)Z @ 8
Event: 1.564 Thread 0x00007f94f23cd000 Uncommon trap: reason=class_check action=maybe_recompile pc=0x00000001119213f4 method=java.util.HashMap.putVal(ILjava/lang/Object;Ljava/lang/Object;ZZ)Ljava/lang/Object; @ 253
Event: 1.564 Thread 0x00007f94f23cd000 Uncommon trap: reason=class_check action=maybe_recompile pc=0x00000001119213f4 method=java.util.HashMap.putVal(ILjava/lang/Object;Ljava/lang/Object;ZZ)Ljava/lang/Object; @ 253
Event: 1.611 Thread 0x00007f94f111f000 Uncommon trap: reason=unloaded action=reinterpret pc=0x0000000111657c58 method=java.lang.CharacterData.of(I)Ljava/lang/CharacterData; @ 96
Event: 1.701 Thread 0x00007f94f23cd000 Uncommon trap: reason=bimorphic action=maybe_recompile pc=0x000000011192148c method=java.util.HashMap.putVal(ILjava/lang/Object;Ljava/lang/Object;ZZ)Ljava/lang/Object; @ 203
Event: 1.701 Thread 0x00007f94f23cd000 Uncommon trap: reason=bimorphic action=maybe_recompile pc=0x000000011192148c method=java.util.HashMap.putVal(ILjava/lang/Object;Ljava/lang/Object;ZZ)Ljava/lang/Object; @ 203
Event: 1.701 Thread 0x00007f94f23cd000 Uncommon trap: reason=bimorphic action=maybe_recompile pc=0x000000011192148c method=java.util.HashMap.putVal(ILjava/lang/Object;Ljava/lang/Object;ZZ)Ljava/lang/Object; @ 203
Event: 1.703 Thread 0x00007f94f23cd000 Uncommon trap: reason=bimorphic action=maybe_recompile pc=0x000000011192148c method=java.util.HashMap.putVal(ILjava/lang/Object;Ljava/lang/Object;ZZ)Ljava/lang/Object; @ 203
Event: 2.020 Thread 0x00007f94f111f000 Uncommon trap: reason=unreached action=reinterpret pc=0x00000001119785fc method=java.net.URL.<init>(Ljava/net/URL;Ljava/lang/String;Ljava/net/URLStreamHandler;)V @ 347
Event: 28.520 Thread 0x00007f94f23cd000 Uncommon trap: reason=unreached action=reinterpret pc=0x00000001119cabd0 method=org.codehaus.groovy.runtime.metaclass.MetaMethodIndex.addMethodToList(Ljava/lang/Object;Lgroovy/lang/MetaMethod;)Ljava/lang/Object; @ 247

Internal exceptions (10 events):
Event: 28.525 Thread 0x00007f94f23cd000 Exception <a 'java/lang/ClassNotFoundException': groovy.runtime.metaclass.com.canoo.dolphin.client.javafx.JavaFXConfiguration$$Lambda$81/1451243160MetaClass> (0x000000076bfe1bf8) thrown at [/HUDSON3/workspace/8-2-build-macosx-x86_64/jdk8u25/1514/hotspot/s
Event: 28.525 Thread 0x00007f94f23cd000 Exception <a 'java/lang/ClassNotFoundException': com.canoo.dolphin.client.javafx.JavaFXConfiguration$$Lambda$81/1451243160BeanInfo> (0x000000076bfe5740) thrown at [/HUDSON3/workspace/8-2-build-macosx-x86_64/jdk8u25/1514/hotspot/src/share/vm/prims/jni.cpp,
Event: 28.525 Thread 0x00007f94f23cd000 Exception <a 'java/lang/ClassNotFoundException': com.canoo.dolphin.client.javafx.JavaFXConfiguration$$Lambda$81/1451243160BeanInfo> (0x000000076bfe5ce8) thrown at [/HUDSON3/workspace/8-2-build-macosx-x86_64/jdk8u25/1514/hotspot/src/share/vm/prims/jni.cpp,
Event: 28.525 Thread 0x00007f94f23cd000 Exception <a 'java/lang/ClassNotFoundException': com.canoo.dolphin.client.javafx.JavaFXConfiguration$$Lambda$81/1451243160BeanInfo> (0x000000076bfe6290) thrown at [/HUDSON3/workspace/8-2-build-macosx-x86_64/jdk8u25/1514/hotspot/src/share/vm/prims/jni.cpp,
Event: 28.525 Thread 0x00007f94f23cd000 Exception <a 'java/lang/ClassNotFoundException': com.canoo.dolphin.client.javafx.JavaFXConfiguration$$Lambda$81/1451243160Customizer> (0x000000076bfe6c40) thrown at [/HUDSON3/workspace/8-2-build-macosx-x86_64/jdk8u25/1514/hotspot/src/share/vm/prims/jni.cp
Event: 28.525 Thread 0x00007f94f23cd000 Exception <a 'java/lang/ClassNotFoundException': com.canoo.dolphin.client.javafx.JavaFXConfiguration$$Lambda$81/1451243160Customizer> (0x000000076bfe71e8) thrown at [/HUDSON3/workspace/8-2-build-macosx-x86_64/jdk8u25/1514/hotspot/src/share/vm/prims/jni.cp
Event: 28.525 Thread 0x00007f94f23cd000 Exception <a 'java/lang/ClassNotFoundException': com.canoo.dolphin.client.javafx.JavaFXConfiguration$$Lambda$81/1451243160Customizer> (0x000000076bfe7790) thrown at [/HUDSON3/workspace/8-2-build-macosx-x86_64/jdk8u25/1514/hotspot/src/share/vm/prims/jni.cp
Event: 28.526 Thread 0x00007f94f23cd000 Exception <a 'java/security/PrivilegedActionException'> (0x000000076bff2f48) thrown at [/HUDSON3/workspace/8-2-build-macosx-x86_64/jdk8u25/1514/hotspot/src/share/vm/prims/jvm.cpp, line 1312]
Event: 28.526 Thread 0x00007f94f111f000 Exception <a 'java/lang/reflect/InvocationTargetException'> (0x000000076be66dc8) thrown at [/HUDSON3/workspace/8-2-build-macosx-x86_64/jdk8u25/1514/hotspot/src/share/vm/runtime/reflection.cpp, line 1080]
Event: 28.526 Thread 0x00007f94f111f000 Exception <a 'java/security/PrivilegedActionException'> (0x000000076be67138) thrown at [/HUDSON3/workspace/8-2-build-macosx-x86_64/jdk8u25/1514/hotspot/src/share/vm/prims/jvm.cpp, line 1312]

Events (10 events):
Event: 38.542 loading class javafx/application/Application done
Event: 38.545 loading class com/sun/javafx/tk/quantum/QuantumRenderer
Event: 38.545 loading class com/sun/javafx/tk/quantum/QuantumRenderer done
Event: 38.545 loading class com/sun/javafx/tk/quantum/QuantumToolkit
Event: 38.545 loading class com/sun/javafx/tk/quantum/QuantumToolkit done
Event: 38.545 Thread 0x00007f94f1082800 Thread exited: 0x00007f94f1082800
Event: 38.546 Thread 0x00007f94f187e000 Thread exited: 0x00007f94f187e000
Event: 38.546 Thread 0x00007f94f100d000 Thread exited: 0x00007f94f100d000
Event: 38.546 Thread 0x00007f94f2577800 Thread added: 0x00007f94f2577800
Event: 38.573 Thread 0x00007f94f111f000 Thread exited: 0x00007f94f111f000


Dynamic libraries:
0x000000000b040000 	/System/Library/Frameworks/Cocoa.framework/Versions/A/Cocoa
0x000000000b040000 	/System/Library/Frameworks/Security.framework/Versions/A/Security
0x000000000b040000 	/System/Library/Frameworks/ApplicationServices.framework/Versions/A/ApplicationServices
0x000000000b040000 	/usr/lib/libz.1.dylib
0x000000000b040000 	/usr/lib/libSystem.B.dylib
0x000000000b040000 	/usr/lib/libobjc.A.dylib
0x000000000b040000 	/System/Library/Frameworks/CoreFoundation.framework/Versions/A/CoreFoundation
0x000000000b040000 	/System/Library/Frameworks/Foundation.framework/Versions/C/Foundation
0x000000000b040000 	/System/Library/Frameworks/AppKit.framework/Versions/C/AppKit
0x000000000b040000 	/System/Library/Frameworks/CoreData.framework/Versions/A/CoreData
0x000000000b040000 	/System/Library/PrivateFrameworks/RemoteViewServices.framework/Versions/A/RemoteViewServices
0x000000000b040000 	/System/Library/PrivateFrameworks/UIFoundation.framework/Versions/A/UIFoundation
0x000000000b040000 	/System/Library/Frameworks/IOSurface.framework/Versions/A/IOSurface
0x000000000b040000 	/System/Library/Frameworks/AudioToolbox.framework/Versions/A/AudioToolbox
0x000000000b040000 	/System/Library/Frameworks/AudioUnit.framework/Versions/A/AudioUnit
0x000000000b040000 	/System/Library/PrivateFrameworks/DataDetectorsCore.framework/Versions/A/DataDetectorsCore
0x000000000b040000 	/System/Library/PrivateFrameworks/DesktopServicesPriv.framework/Versions/A/DesktopServicesPriv
0x000000000b040000 	/System/Library/Frameworks/Carbon.framework/Versions/A/Frameworks/HIToolbox.framework/Versions/A/HIToolbox
0x000000000b040000 	/System/Library/Frameworks/QuartzCore.framework/Versions/A/QuartzCore
0x000000000b040000 	/System/Library/Frameworks/Carbon.framework/Versions/A/Frameworks/SpeechRecognition.framework/Versions/A/SpeechRecognition
0x000000000b040000 	/usr/lib/libauto.dylib
0x000000000b040000 	/usr/lib/libicucore.A.dylib
0x000000000b040000 	/usr/lib/libxml2.2.dylib
0x000000000b040000 	/System/Library/PrivateFrameworks/CoreUI.framework/Versions/A/CoreUI
0x000000000b040000 	/System/Library/Frameworks/CoreAudio.framework/Versions/A/CoreAudio
0x000000000b040000 	/System/Library/Frameworks/DiskArbitration.framework/Versions/A/DiskArbitration
0x000000000b040000 	/usr/lib/liblangid.dylib
0x000000000b040000 	/System/Library/PrivateFrameworks/MultitouchSupport.framework/Versions/A/MultitouchSupport
0x000000000b040000 	/System/Library/Frameworks/IOKit.framework/Versions/A/IOKit
0x000000000b040000 	/usr/lib/libDiagnosticMessagesClient.dylib
0x000000000b040000 	/System/Library/Frameworks/CoreServices.framework/Versions/A/CoreServices
0x000000000b040000 	/System/Library/PrivateFrameworks/PerformanceAnalysis.framework/Versions/A/PerformanceAnalysis
0x000000000b040000 	/System/Library/PrivateFrameworks/GenerationalStorage.framework/Versions/A/GenerationalStorage
0x000000000b040000 	/System/Library/Frameworks/OpenGL.framework/Versions/A/OpenGL
0x000000000b040000 	/System/Library/PrivateFrameworks/Sharing.framework/Versions/A/Sharing
0x000000000b040000 	/System/Library/Frameworks/CoreGraphics.framework/Versions/A/CoreGraphics
0x000000000b040000 	/System/Library/Frameworks/CoreText.framework/Versions/A/CoreText
0x000000000b040000 	/System/Library/Frameworks/ImageIO.framework/Versions/A/ImageIO
0x000000000b040000 	/usr/lib/libextension.dylib
0x000000000b040000 	/System/Library/PrivateFrameworks/Backup.framework/Versions/A/Backup
0x000000000b040000 	/usr/lib/libarchive.2.dylib
0x000000000b040000 	/System/Library/Frameworks/CFNetwork.framework/Versions/A/CFNetwork
0x000000000b040000 	/System/Library/Frameworks/SystemConfiguration.framework/Versions/A/SystemConfiguration
0x000000000b040000 	/usr/lib/libCRFSuite.dylib
0x000000000b040000 	/usr/lib/libc++.1.dylib
0x000000000b040000 	/usr/lib/libc++abi.dylib
0x000000000b040000 	/usr/lib/system/libcache.dylib
0x000000000b040000 	/usr/lib/system/libcommonCrypto.dylib
0x000000000b040000 	/usr/lib/system/libcompiler_rt.dylib
0x000000000b040000 	/usr/lib/system/libcopyfile.dylib
0x000000000b040000 	/usr/lib/system/libcorecrypto.dylib
0x000000000b040000 	/usr/lib/system/libdispatch.dylib
0x000000000b040000 	/usr/lib/system/libdyld.dylib
0x000000000b040000 	/usr/lib/system/libkeymgr.dylib
0x000000000b040000 	/usr/lib/system/liblaunch.dylib
0x000000000b040000 	/usr/lib/system/libmacho.dylib
0x000000000b040000 	/usr/lib/system/libquarantine.dylib
0x000000000b040000 	/usr/lib/system/libremovefile.dylib
0x000000000b040000 	/usr/lib/system/libsystem_asl.dylib
0x000000000b040000 	/usr/lib/system/libsystem_blocks.dylib
0x000000000b040000 	/usr/lib/system/libsystem_c.dylib
0x000000000b040000 	/usr/lib/system/libsystem_configuration.dylib
0x000000000b040000 	/usr/lib/system/libsystem_coreservices.dylib
0x000000000b040000 	/usr/lib/system/libsystem_coretls.dylib
0x000000000b040000 	/usr/lib/system/libsystem_dnssd.dylib
0x000000000b040000 	/usr/lib/system/libsystem_info.dylib
0x000000000b040000 	/usr/lib/system/libsystem_kernel.dylib
0x000000000b040000 	/usr/lib/system/libsystem_m.dylib
0x000000000b040000 	/usr/lib/system/libsystem_malloc.dylib
0x000000000b040000 	/usr/lib/system/libsystem_network.dylib
0x000000000b040000 	/usr/lib/system/libsystem_networkextension.dylib
0x000000000b040000 	/usr/lib/system/libsystem_notify.dylib
0x000000000b040000 	/usr/lib/system/libsystem_platform.dylib
0x000000000b040000 	/usr/lib/system/libsystem_pthread.dylib
0x000000000b040000 	/usr/lib/system/libsystem_sandbox.dylib
0x000000000b040000 	/usr/lib/system/libsystem_secinit.dylib
0x000000000b040000 	/usr/lib/system/libsystem_stats.dylib
0x000000000b040000 	/usr/lib/system/libsystem_trace.dylib
0x000000000b040000 	/usr/lib/system/libunc.dylib
0x000000000b040000 	/usr/lib/system/libunwind.dylib
0x000000000b040000 	/usr/lib/system/libxpc.dylib
0x000000000b040000 	/usr/lib/libbz2.1.0.dylib
0x000000000b040000 	/usr/lib/liblzma.5.dylib
0x000000000b040000 	/usr/lib/libbsm.0.dylib
0x000000000b040000 	/usr/lib/libsqlite3.dylib
0x000000000b040000 	/usr/lib/system/libkxld.dylib
0x000000000b040000 	/usr/lib/libxar.1.dylib
0x000000000b040000 	/usr/lib/libpam.2.dylib
0x000000000b040000 	/usr/lib/libOpenScriptingUtil.dylib
0x000000000b040000 	/System/Library/Frameworks/CoreServices.framework/Versions/A/Frameworks/FSEvents.framework/Versions/A/FSEvents
0x000000000b040000 	/System/Library/Frameworks/CoreServices.framework/Versions/A/Frameworks/CarbonCore.framework/Versions/A/CarbonCore
0x000000000b040000 	/System/Library/Frameworks/CoreServices.framework/Versions/A/Frameworks/Metadata.framework/Versions/A/Metadata
0x000000000b040000 	/System/Library/Frameworks/CoreServices.framework/Versions/A/Frameworks/OSServices.framework/Versions/A/OSServices
0x000000000b040000 	/System/Library/Frameworks/CoreServices.framework/Versions/A/Frameworks/SearchKit.framework/Versions/A/SearchKit
0x000000000b040000 	/System/Library/Frameworks/CoreServices.framework/Versions/A/Frameworks/AE.framework/Versions/A/AE
0x000000000b040000 	/System/Library/Frameworks/CoreServices.framework/Versions/A/Frameworks/LaunchServices.framework/Versions/A/LaunchServices
0x000000000b040000 	/System/Library/Frameworks/CoreServices.framework/Versions/A/Frameworks/DictionaryServices.framework/Versions/A/DictionaryServices
0x000000000b040000 	/System/Library/Frameworks/NetFS.framework/Versions/A/NetFS
0x000000000b040000 	/System/Library/PrivateFrameworks/NetAuth.framework/Versions/A/NetAuth
0x000000000b040000 	/System/Library/PrivateFrameworks/login.framework/Versions/A/Frameworks/loginsupport.framework/Versions/A/loginsupport
0x000000000b040000 	/System/Library/PrivateFrameworks/TCC.framework/Versions/A/TCC
0x000000000b040000 	/usr/lib/libmecabra.dylib
0x000000000b040000 	/System/Library/Frameworks/ApplicationServices.framework/Versions/A/Frameworks/ATS.framework/Versions/A/ATS
0x000000000b040000 	/System/Library/Frameworks/ApplicationServices.framework/Versions/A/Frameworks/ColorSync.framework/Versions/A/ColorSync
0x000000000b040000 	/System/Library/Frameworks/ApplicationServices.framework/Versions/A/Frameworks/HIServices.framework/Versions/A/HIServices
0x000000000b040000 	/System/Library/Frameworks/ApplicationServices.framework/Versions/A/Frameworks/LangAnalysis.framework/Versions/A/LangAnalysis
0x000000000b040000 	/System/Library/Frameworks/ApplicationServices.framework/Versions/A/Frameworks/PrintCore.framework/Versions/A/PrintCore
0x000000000b040000 	/System/Library/Frameworks/ApplicationServices.framework/Versions/A/Frameworks/QD.framework/Versions/A/QD
0x000000000b040000 	/System/Library/Frameworks/ApplicationServices.framework/Versions/A/Frameworks/SpeechSynthesis.framework/Versions/A/SpeechSynthesis
0x000000000b040000 	/System/Library/Frameworks/Accelerate.framework/Versions/A/Accelerate
0x000000000b040000 	/System/Library/Frameworks/Accelerate.framework/Versions/A/Frameworks/vImage.framework/Versions/A/vImage
0x000000000b040000 	/System/Library/Frameworks/Accelerate.framework/Versions/A/Frameworks/vecLib.framework/Versions/A/vecLib
0x000000000b040000 	/System/Library/Frameworks/Accelerate.framework/Versions/A/Frameworks/vecLib.framework/Versions/A/libvDSP.dylib
0x000000000b040000 	/System/Library/Frameworks/Accelerate.framework/Versions/A/Frameworks/vecLib.framework/Versions/A/libvMisc.dylib
0x000000000b040000 	/System/Library/Frameworks/Accelerate.framework/Versions/A/Frameworks/vecLib.framework/Versions/A/libLAPACK.dylib
0x000000000b040000 	/System/Library/Frameworks/Accelerate.framework/Versions/A/Frameworks/vecLib.framework/Versions/A/libBLAS.dylib
0x000000000b040000 	/System/Library/Frameworks/Accelerate.framework/Versions/A/Frameworks/vecLib.framework/Versions/A/libLinearAlgebra.dylib
0x000000000b040000 	/System/Library/Frameworks/ApplicationServices.framework/Versions/A/Frameworks/ATS.framework/Versions/A/Resources/libFontParser.dylib
0x000000000b040000 	/System/Library/Frameworks/ApplicationServices.framework/Versions/A/Frameworks/ATS.framework/Versions/A/Resources/libFontRegistry.dylib
0x000000000b040000 	/System/Library/PrivateFrameworks/AppleVPA.framework/Versions/A/AppleVPA
0x000000000b040000 	/System/Library/PrivateFrameworks/AppleJPEG.framework/Versions/A/AppleJPEG
0x000000000b040000 	/System/Library/Frameworks/ImageIO.framework/Versions/A/Resources/libJPEG.dylib
0x000000000b040000 	/System/Library/Frameworks/ImageIO.framework/Versions/A/Resources/libTIFF.dylib
0x000000000b040000 	/System/Library/Frameworks/ImageIO.framework/Versions/A/Resources/libPng.dylib
0x000000000b040000 	/System/Library/Frameworks/ImageIO.framework/Versions/A/Resources/libGIF.dylib
0x000000000b040000 	/System/Library/Frameworks/ImageIO.framework/Versions/A/Resources/libJP2.dylib
0x000000000b040000 	/System/Library/Frameworks/ImageIO.framework/Versions/A/Resources/libRadiance.dylib
0x000000000b040000 	/System/Library/Frameworks/CoreVideo.framework/Versions/A/CoreVideo
0x000000000b040000 	/System/Library/Frameworks/OpenGL.framework/Versions/A/Libraries/libGLU.dylib
0x000000000b040000 	/System/Library/Frameworks/OpenGL.framework/Versions/A/Libraries/libGFXShared.dylib
0x000000000b040000 	/System/Library/Frameworks/OpenGL.framework/Versions/A/Libraries/libGL.dylib
0x000000000b040000 	/System/Library/Frameworks/OpenGL.framework/Versions/A/Libraries/libGLImage.dylib
0x000000000b040000 	/System/Library/Frameworks/OpenGL.framework/Versions/A/Libraries/libCVMSPluginSupport.dylib
0x000000000b040000 	/System/Library/Frameworks/OpenGL.framework/Versions/A/Libraries/libCoreVMClient.dylib
0x000000000b040000 	/usr/lib/libcups.2.dylib
0x000000000b040000 	/System/Library/Frameworks/Kerberos.framework/Versions/A/Kerberos
0x000000000b040000 	/System/Library/Frameworks/GSS.framework/Versions/A/GSS
0x000000000b040000 	/usr/lib/libresolv.9.dylib
0x000000000b040000 	/usr/lib/libiconv.2.dylib
0x000000000b040000 	/System/Library/PrivateFrameworks/Heimdal.framework/Versions/A/Heimdal
0x000000000b040000 	/usr/lib/libheimdal-asn1.dylib
0x000000000b040000 	/System/Library/Frameworks/OpenDirectory.framework/Versions/A/OpenDirectory
0x000000000b040000 	/System/Library/PrivateFrameworks/CommonAuth.framework/Versions/A/CommonAuth
0x000000000b040000 	/System/Library/Frameworks/OpenDirectory.framework/Versions/A/Frameworks/CFOpenDirectory.framework/Versions/A/CFOpenDirectory
0x000000000b040000 	/System/Library/Frameworks/SecurityFoundation.framework/Versions/A/SecurityFoundation
0x000000000b040000 	/System/Library/PrivateFrameworks/LanguageModeling.framework/Versions/A/LanguageModeling
0x000000000b040000 	/usr/lib/libcmph.dylib
0x000000000b040000 	/System/Library/Frameworks/ServiceManagement.framework/Versions/A/ServiceManagement
0x000000000b040000 	/usr/lib/libxslt.1.dylib
0x000000000b040000 	/System/Library/Frameworks/Carbon.framework/Versions/A/Frameworks/Ink.framework/Versions/A/Ink
0x000000000b040000 	/System/Library/Frameworks/QuartzCore.framework/Versions/A/Frameworks/CoreImage.framework/Versions/A/CoreImage
0x000000000b040000 	/System/Library/PrivateFrameworks/CrashReporterSupport.framework/Versions/A/CrashReporterSupport
0x000000000b040000 	/System/Library/Frameworks/OpenCL.framework/Versions/A/OpenCL
0x000000000b040000 	/System/Library/PrivateFrameworks/FaceCore.framework/Versions/A/FaceCore
0x000000000b040000 	/System/Library/PrivateFrameworks/Ubiquity.framework/Versions/A/Ubiquity
0x000000000b040000 	/System/Library/PrivateFrameworks/IconServices.framework/Versions/A/IconServices
0x000000000b040000 	/System/Library/PrivateFrameworks/ChunkingLibrary.framework/Versions/A/ChunkingLibrary
0x000000000b040000 	/System/Library/PrivateFrameworks/Apple80211.framework/Versions/A/Apple80211
0x000000000b040000 	/System/Library/Frameworks/CoreWLAN.framework/Versions/A/CoreWLAN
0x000000000b040000 	/System/Library/Frameworks/IOBluetooth.framework/Versions/A/IOBluetooth
0x000000000b040000 	/System/Library/PrivateFrameworks/CoreWiFi.framework/Versions/A/CoreWiFi
0x000000000b040000 	/System/Library/Frameworks/CoreBluetooth.framework/Versions/A/CoreBluetooth
0x000000000b040000 	/System/Library/PrivateFrameworks/DebugSymbols.framework/Versions/A/DebugSymbols
0x000000000b040000 	/System/Library/PrivateFrameworks/CoreSymbolication.framework/Versions/A/CoreSymbolication
0x000000000b040000 	/System/Library/PrivateFrameworks/Symbolication.framework/Versions/A/Symbolication
0x000000000b040000 	/System/Library/PrivateFrameworks/SpeechRecognitionCore.framework/Versions/A/SpeechRecognitionCore
0x0000000110400000 	/Library/Java/JavaVirtualMachines/jdk1.8.0_25.jdk/Contents/Home/jre/lib/server/libjvm.dylib
0x000000000b040000 	/usr/lib/libstdc++.6.dylib
0x000000010fb3b000 	/Library/Java/JavaVirtualMachines/jdk1.8.0_25.jdk/Contents/Home/jre/lib/libverify.dylib
0x000000010fb49000 	/Library/Java/JavaVirtualMachines/jdk1.8.0_25.jdk/Contents/Home/jre/lib/libjava.dylib
0x000000010fb87000 	/Library/Java/JavaVirtualMachines/jdk1.8.0_25.jdk/Contents/Home/jre/lib/libzip.dylib
0x000000010fbe1000 	/System/Library/Frameworks/JavaVM.framework/Frameworks/JavaRuntimeSupport.framework/JavaRuntimeSupport
0x000000012bf16000 	/System/Library/Frameworks/JavaVM.framework/Versions/A/Frameworks/JavaNativeFoundation.framework/Versions/A/JavaNativeFoundation
0x000000012bf2b000 	/System/Library/Frameworks/JavaVM.framework/Versions/A/JavaVM
0x000000000b040000 	/System/Library/Frameworks/Carbon.framework/Versions/A/Carbon
0x000000012bf38000 	/System/Library/PrivateFrameworks/JavaLaunching.framework/Versions/A/JavaLaunching
0x000000000b040000 	/System/Library/Frameworks/Carbon.framework/Versions/A/Frameworks/CommonPanels.framework/Versions/A/CommonPanels
0x000000000b040000 	/System/Library/Frameworks/Carbon.framework/Versions/A/Frameworks/Help.framework/Versions/A/Help
0x000000000b040000 	/System/Library/Frameworks/Carbon.framework/Versions/A/Frameworks/ImageCapture.framework/Versions/A/ImageCapture
0x000000000b040000 	/System/Library/Frameworks/Carbon.framework/Versions/A/Frameworks/OpenScripting.framework/Versions/A/OpenScripting
0x000000000b040000 	/System/Library/Frameworks/Carbon.framework/Versions/A/Frameworks/Print.framework/Versions/A/Print
0x000000000b040000 	/System/Library/Frameworks/Carbon.framework/Versions/A/Frameworks/SecurityHI.framework/Versions/A/SecurityHI
0x000000012e034000 	/Applications/IntelliJ IDEA 13.app/Contents/bin/libbreakgen64.jnilib
0x000000012e1c6000 	/Library/Java/JavaVirtualMachines/jdk1.8.0_25.jdk/Contents/Home/jre/lib/libnet.dylib
0x000000012e42b000 	/Library/Java/JavaVirtualMachines/jdk1.8.0_25.jdk/Contents/Home/jre/lib/libprism_es2.dylib
0x000000000b040000 	/System/Library/Frameworks/OpenGL.framework/Versions/A/Resources/GLEngine.bundle/GLEngine
0x000000000b040000 	/System/Library/Frameworks/OpenGL.framework/Versions/A/Libraries/libGLProgrammability.dylib
0x000000012e4ac000 	/System/Library/Extensions/AppleIntelHD5000GraphicsGLDriver.bundle/Contents/MacOS/AppleIntelHD5000GraphicsGLDriver
0x000000000b040000 	/System/Library/PrivateFrameworks/IOAccelerator.framework/Versions/A/IOAccelerator
0x000000000b040000 	/System/Library/PrivateFrameworks/GPUSupport.framework/Versions/A/Libraries/libGPUSupportMercury.dylib
0x000000000b040000 	/System/Library/Frameworks/OpenGL.framework/Versions/A/Resources/GLRendererFloat.bundle/GLRendererFloat
0x000000000b040000 	/System/Library/Frameworks/OpenCL.framework/Versions/A/Libraries/libcldcpuengine.dylib
0x000000000b040000 	/System/Library/PrivateFrameworks/DiskImages.framework/Versions/A/DiskImages
0x000000000b040000 	/System/Library/Frameworks/DiscRecording.framework/Versions/A/DiscRecording
0x000000000b040000 	/usr/lib/libcsfde.dylib
0x000000000b040000 	/usr/lib/libcurl.4.dylib
0x000000000b040000 	/System/Library/PrivateFrameworks/MediaKit.framework/Versions/A/MediaKit
0x000000000b040000 	/System/Library/PrivateFrameworks/ProtectedCloudStorage.framework/Versions/A/ProtectedCloudStorage
0x000000000b040000 	/usr/lib/libCoreStorage.dylib
0x000000000b040000 	/System/Library/PrivateFrameworks/EFILogin.framework/Versions/A/EFILogin
0x000000000b040000 	/usr/lib/libutil.dylib
0x000000000b040000 	/System/Library/PrivateFrameworks/FindMyDevice.framework/Versions/A/FindMyDevice
0x000000000b040000 	/System/Library/Frameworks/LDAP.framework/Versions/A/LDAP
0x000000000b040000 	/usr/lib/libsasl2.2.dylib
0x000000000b040000 	/System/Library/PrivateFrameworks/CoreDaemon.framework/Versions/B/CoreDaemon
0x000000000b040000 	/usr/lib/libcrypto.0.9.8.dylib
0x000000000b040000 	/System/Library/PrivateFrameworks/AppleSRP.framework/Versions/A/AppleSRP
0x000000000b040000 	/System/Library/PrivateFrameworks/TrustEvaluationAgent.framework/Versions/A/TrustEvaluationAgent
0x000000012efc3000 	/Library/Java/JavaVirtualMachines/jdk1.8.0_25.jdk/Contents/Home/jre/lib/libglass.dylib
0x000000000b040000 	/System/Library/PrivateFrameworks/CoreServicesInternal.framework/Versions/A/CoreServicesInternal
0x000000000b040000 	/System/Library/PrivateFrameworks/CloudDocs.framework/Versions/A/CloudDocs
0x000000000b040000 	/System/Library/PrivateFrameworks/CoreDuet.framework/Versions/A/CoreDuet
0x000000000b040000 	/System/Library/Frameworks/CloudKit.framework/Versions/A/CloudKit
0x000000000b040000 	/System/Library/PrivateFrameworks/ProtocolBuffer.framework/Versions/A/ProtocolBuffer
0x000000000b040000 	/System/Library/PrivateFrameworks/CoreDuetDaemonProtocol.framework/Versions/A/CoreDuetDaemonProtocol
0x000000000b040000 	/System/Library/PrivateFrameworks/CoreDuetDebugLogging.framework/Versions/A/CoreDuetDebugLogging
0x000000000b040000 	/System/Library/PrivateFrameworks/MMCS.framework/Versions/A/MMCS
0x000000000b040000 	/System/Library/Frameworks/CoreLocation.framework/Versions/A/CoreLocation
0x000000000b040000 	/System/Library/PrivateFrameworks/GeoServices.framework/Versions/A/GeoServices
0x000000000b040000 	/System/Library/Frameworks/CoreGraphics.framework/Versions/A/Resources/libCGCMS.A.dylib
0x000000000b040000 	/System/Library/CoreServices/RawCamera.bundle/Contents/MacOS/RawCamera
0x000000000b040000 	/System/Library/Frameworks/CoreGraphics.framework/Versions/A/Resources/libRIP.A.dylib
0x000000000b040000 	/System/Library/PrivateFrameworks/FamilyControls.framework/Versions/A/FamilyControls
0x000000000b040000 	/System/Library/PrivateFrameworks/CommerceKit.framework/Versions/A/Frameworks/CommerceCore.framework/Versions/A/CommerceCore
0x000000000b040000 	/System/Library/PrivateFrameworks/SystemAdministration.framework/Versions/A/SystemAdministration
0x000000000b040000 	/System/Library/PrivateFrameworks/AppContainer.framework/Versions/A/AppContainer
0x000000000b040000 	/System/Library/PrivateFrameworks/SecCodeWrapper.framework/Versions/A/SecCodeWrapper
0x000000000b040000 	/System/Library/Frameworks/DirectoryService.framework/Versions/A/DirectoryService
0x000000000b040000 	/System/Library/PrivateFrameworks/LoginUIKit.framework/Versions/A/Frameworks/LoginUICore.framework/Versions/A/LoginUICore
0x000000000b040000 	/usr/lib/libodfde.dylib
0x0000000130de3000 	/Library/Java/JavaVirtualMachines/jdk1.8.0_25.jdk/Contents/Home/jre/lib/libjavafx_font.dylib
0x000000000b040000 	/System/Library/Frameworks/CoreGraphics.framework/Versions/A/Resources/libCGXType.A.dylib
0x0000000132b36000 	/Library/Java/JavaVirtualMachines/jdk1.8.0_25.jdk/Contents/Home/jre/lib/libsunec.dylib
0x0000000132b8e000 	cl_kernels
0x00000001360c9000 	/System/Library/Frameworks/OpenCL.framework/Versions/A/Libraries/ImageFormats/unorm8_bgra.dylib
0x0000000132b82000 	cl_kernels
0x0000000132fcf000 	/Library/Java/JavaVirtualMachines/jdk1.8.0_25.jdk/Contents/Home/jre/lib/libprism_common.dylib

VM Arguments:
jvm_args: -Didea.launcher.port=7536 -Didea.launcher.bin.path=/Applications/IntelliJ IDEA 13.app/Contents/bin -Dfile.encoding=UTF-8 
java_command: com.intellij.rt.execution.application.AppMain com.canoo.dolphin.todo.client.ToDoClient
java_class_path (initial): /Library/Java/JavaVirtualMachines/jdk1.8.0_25.jdk/Contents/Home/lib/ant-javafx.jar:/Library/Java/JavaVirtualMachines/jdk1.8.0_25.jdk/Contents/Home/lib/dt.jar:/Library/Java/JavaVirtualMachines/jdk1.8.0_25.jdk/Contents/Home/lib/javafx-mx.jar:/Library/Java/JavaVirtualMachines/jdk1.8.0_25.jdk/Contents/Home/lib/jconsole.jar:/Library/Java/JavaVirtualMachines/jdk1.8.0_25.jdk/Contents/Home/lib/sa-jdi.jar:/Library/Java/JavaVirtualMachines/jdk1.8.0_25.jdk/Contents/Home/lib/tools.jar:/Library/Java/JavaVirtualMachines/jdk1.8.0_25.jdk/Contents/Home/jre/lib/charsets.jar:/Library/Java/JavaVirtualMachines/jdk1.8.0_25.jdk/Contents/Home/jre/lib/deploy.jar:/Library/Java/JavaVirtualMachines/jdk1.8.0_25.jdk/Contents/Home/jre/lib/javaws.jar:/Library/Java/JavaVirtualMachines/jdk1.8.0_25.jdk/Contents/Home/jre/lib/jce.jar:/Library/Java/JavaVirtualMachines/jdk1.8.0_25.jdk/Contents/Home/jre/lib/jfr.jar:/Library/Java/JavaVirtualMachines/jdk1.8.0_25.jdk/Contents/Home/jre/lib/jfxswt.jar:/Library/Java/JavaVirtualMachines/jdk1.8.0_25.jdk/Contents/Home/jre/lib/jsse.jar:/Library/Java/JavaVirtualMachines/jdk1.8.0_25.jdk/Contents/Home/jre/lib/management-agent.jar:/Library/Java/JavaVirtualMachines/jdk1.8.0_25.jdk/Contents/Home/jre/lib/plugin.jar:/Library/Java/JavaVirtualMachines/jdk1.8.0_25.jdk/Contents/Home/jre/lib/resources.jar:/Library/Java/JavaVirtualMachines/jdk1.8.0_25.jdk/Contents/Home/jre/lib/rt.jar:/Library/Java/JavaVirtualMachines/jdk1.8.0_25.jdk/Contents/Home/jre/lib/ext/cldrdata.jar:/Library/Java/JavaVirtualMachines/jdk1.8.0_25.jdk/Contents/Home/jre/lib/ext/dnsns.jar:/Library/Java/JavaVirtualMachines/jdk1.8.0_25.jdk/Contents/Home/jre/lib/ext/jfxrt.jar:/Library/Java/JavaVirtualMachines/jdk1.8.0_25.jdk/Contents/Home/jre/lib/ext/localedata.jar:/Library/Java/JavaVirtualMachines/jdk1.8.0_25.jdk/Contents/Home/jre/lib/ext/nashorn.jar:/Library/Java/JavaVirtualMachines/jdk1.8.0_25.jdk/Contents/Home/jre/lib/ext/sunec.jar:/Library/Java/JavaVirtualMachines/jdk1.8.0_25.jdk/C
Launcher Type: SUN_STANDARD

Environment Variables:
JAVA_HOME=/Library/Java/JavaVirtualMachines/jdk1.8.0_45.jdk/Contents/Home
PATH=/Users/hendrikebbers/.gvm/vertx/current/bin:/Users/hendrikebbers/.gvm/springboot/current/bin:/Users/hendrikebbers/.gvm/lazybones/current/bin:/Users/hendrikebbers/.gvm/jbake/current/bin:/Users/hendrikebbers/.gvm/groovyserv/current/bin:/Users/hendrikebbers/.gvm/groovy/current/bin:/Users/hendrikebbers/.gvm/griffon/current/bin:/Users/hendrikebbers/.gvm/grails/current/bin:/Users/hendrikebbers/.gvm/gradle/current/bin:/Users/hendrikebbers/.gvm/glide/current/bin:/Users/hendrikebbers/.gvm/gaiden/current/bin:/Users/hendrikebbers/.gvm/crash/current/bin:/usr/local/bin:/usr/bin:/bin:/usr/sbin:/sbin:/usr/local/MacGPG2/bin:/Users/hendrikebbers/.rvm/bin
SHELL=/bin/bash

Signal Handlers:
SIGSEGV: [libjvm.dylib+0x579dc7], sa_mask[0]=11111111011111110111111111111111, sa_flags=SA_ONSTACK|SA_RESTART|SA_SIGINFO
SIGBUS: [libjvm.dylib+0x579dc7], sa_mask[0]=11111111011111110111111111111111, sa_flags=SA_RESTART|SA_SIGINFO
SIGFPE: [libjvm.dylib+0x45b030], sa_mask[0]=11111111011111110111111111111111, sa_flags=SA_RESTART|SA_SIGINFO
SIGPIPE: [libjvm.dylib+0x45b030], sa_mask[0]=11111111011111110111111111111111, sa_flags=SA_RESTART|SA_SIGINFO
SIGXFSZ: [libjvm.dylib+0x45b030], sa_mask[0]=11111111011111110111111111111111, sa_flags=SA_RESTART|SA_SIGINFO
SIGILL: [libjvm.dylib+0x45b030], sa_mask[0]=11111111011111110111111111111111, sa_flags=SA_RESTART|SA_SIGINFO
SIGUSR1: SIG_DFL, sa_mask[0]=00000000000000000000000000000000, sa_flags=none
SIGUSR2: [libjvm.dylib+0x45ab4e], sa_mask[0]=00100000000000000000000000000000, sa_flags=SA_RESTART|SA_SIGINFO
SIGHUP: [libjvm.dylib+0x459121], sa_mask[0]=11111111011111110111111111111111, sa_flags=SA_RESTART|SA_SIGINFO
SIGINT: [libjvm.dylib+0x459121], sa_mask[0]=11111111011111110111111111111111, sa_flags=SA_RESTART|SA_SIGINFO
SIGTERM: [libjvm.dylib+0x459121], sa_mask[0]=11111111011111110111111111111111, sa_flags=SA_RESTART|SA_SIGINFO
SIGQUIT: [libjvm.dylib+0x459121], sa_mask[0]=11111111011111110111111111111111, sa_flags=SA_RESTART|SA_SIGINFO


---------------  S Y S T E M  ---------------

OS:Bsduname:Darwin 14.5.0 Darwin Kernel Version 14.5.0: Wed Jul 29 02:26:53 PDT 2015; root:xnu-2782.40.9~1/RELEASE_X86_64 x86_64
rlimit: STACK 8192k, CORE 0k, NPROC 709, NOFILE 10240, AS infinity
load average:4.71 3.95 3.84

CPU:total 4 (2 cores per cpu, 2 threads per core) family 6 model 69 stepping 1, cmov, cx8, fxsr, mmx, sse, sse2, sse3, ssse3, sse4.1, sse4.2, popcnt, avx, avx2, aes, clmul, erms, lzcnt, ht, tsc, tscinvbit, bmi1, bmi2

Memory: 4k page, physical 16777216k(4070996k free)

/proc/meminfo:


vm_info: Java HotSpot(TM) 64-Bit Server VM (25.25-b02) for bsd-amd64 JRE (1.8.0_25-b17), built on Sep 17 2014 16:56:50 by "java_re" with gcc 4.2.1 (Based on Apple Inc. build 5658) (LLVM build 2336.11.00)

time: Tue Sep 15 21:50:39 2015
elapsed time: 219 seconds (0d 0h 3m 39s)

